build/Android_Qt_6_9_0_Clang_arm64_v8a-Debug/android-build-ARClothTryOn/build/outputs/logs/manifest-merger-debug-report.txt
-- Merging decision tree log ---
manifest
ADDED from Android_Qt_6_9_0_Clang_arm64_v8a-Debug\android-build-ARClothTryOn\AndroidManifest.xml:2:1-54:12
INJECTED from Android_Qt_6_9_0_Clang_arm64_v8a-Debug\android-build-ARClothTryOn\AndroidManifest.xml:2:1-54:12
INJECTED from Android_Qt_6_9_0_Clang_arm64_v8a-Debug\android-build-ARClothTryOn\AndroidManifest.xml:2:1-54:12
INJECTED from Android_Qt_6_9_0_Clang_arm64_v8a-Debug\android-build-ARClothTryOn\AndroidManifest.xml:2:1-54:12
MERGED from [androidx.core:core:1.13.1] AndroidManifest.xml:17:1-30:12
MERGED from [androidx.versionedparcelable:versionedparcelable:1.1.1] AndroidManifest.xml:17:1-27:12
MERGED from [androidx.interpolator:interpolator:1.0.0] AndroidManifest.xml:17:1-22:12
MERGED from [androidx.lifecycle:lifecycle-runtime:2.6.2] AndroidManifest.xml:2:1-7:12
MERGED from [androidx.arch.core:core-runtime:2.2.0] AndroidManifest.xml:17:1-22:12
MERGED from [androidx.profileinstaller:profileinstaller:1.3.0] AndroidManifest.xml:17:1-55:12
MERGED from [androidx.startup:startup-runtime:1.1.1] AndroidManifest.xml:17:1-33:12
MERGED from [androidx.tracing:tracing:1.0.0] AndroidManifest.xml:17:1-24:12
MERGED from [androidx.annotation:annotation-experimental:1.4.0] AndroidManifest.xml:2:1-7:12
	package
		ADDED from Android_Qt_6_9_0_Clang_arm64_v8a-Debug\android-build-ARClothTryOn\AndroidManifest.xml:3:5-49
		INJECTED from Android_Qt_6_9_0_Clang_arm64_v8a-Debug\android-build-ARClothTryOn\AndroidManifest.xml
	android:versionName
		ADDED from Android_Qt_6_9_0_Clang_arm64_v8a-Debug\android-build-ARClothTryOn\AndroidManifest.xml:5:5-30
		INJECTED from Android_Qt_6_9_0_Clang_arm64_v8a-Debug\android-build-ARClothTryOn\AndroidManifest.xml
	xmlns:android
		ADDED from Android_Qt_6_9_0_Clang_arm64_v8a-Debug\android-build-ARClothTryOn\AndroidManifest.xml:2:11-69
	android:versionCode
		ADDED from Android_Qt_6_9_0_Clang_arm64_v8a-Debug\android-build-ARClothTryOn\AndroidManifest.xml:4:5-28
		INJECTED from Android_Qt_6_9_0_Clang_arm64_v8a-Debug\android-build-ARClothTryOn\AndroidManifest.xml
uses-sdk
ADDED from Android_Qt_6_9_0_Clang_arm64_v8a-Debug\android-build-ARClothTryOn\AndroidManifest.xml:7:5-9:41
INJECTED from Android_Qt_6_9_0_Clang_arm64_v8a-Debug\android-build-ARClothTryOn\AndroidManifest.xml:7:5-9:41
INJECTED from Android_Qt_6_9_0_Clang_arm64_v8a-Debug\android-build-ARClothTryOn\AndroidManifest.xml:7:5-9:41
MERGED from [androidx.core:core:1.13.1] AndroidManifest.xml:20:5-44
MERGED from [androidx.core:core:1.13.1] AndroidManifest.xml:20:5-44
MERGED from [androidx.versionedparcelable:versionedparcelable:1.1.1] AndroidManifest.xml:20:5-22:41
MERGED from [androidx.versionedparcelable:versionedparcelable:1.1.1] AndroidManifest.xml:20:5-22:41
MERGED from [androidx.interpolator:interpolator:1.0.0] AndroidManifest.xml:20:5-44
MERGED from [androidx.interpolator:interpolator:1.0.0] AndroidManifest.xml:20:5-44
MERGED from [androidx.lifecycle:lifecycle-runtime:2.6.2] AndroidManifest.xml:5:5-44
MERGED from [androidx.lifecycle:lifecycle-runtime:2.6.2] AndroidManifest.xml:5:5-44
MERGED from [androidx.arch.core:core-runtime:2.2.0] AndroidManifest.xml:20:5-44
MERGED from [androidx.arch.core:core-runtime:2.2.0] AndroidManifest.xml:20:5-44
MERGED from [androidx.profileinstaller:profileinstaller:1.3.0] AndroidManifest.xml:21:5-44
MERGED from [androidx.profileinstaller:profileinstaller:1.3.0] AndroidManifest.xml:21:5-44
MERGED from [androidx.startup:startup-runtime:1.1.1] AndroidManifest.xml:21:5-23:41
MERGED from [androidx.startup:startup-runtime:1.1.1] AndroidManifest.xml:21:5-23:41
MERGED from [androidx.tracing:tracing:1.0.0] AndroidManifest.xml:20:5-22:41
MERGED from [androidx.tracing:tracing:1.0.0] AndroidManifest.xml:20:5-22:41
MERGED from [androidx.annotation:annotation-experimental:1.4.0] AndroidManifest.xml:5:5-44
MERGED from [androidx.annotation:annotation-experimental:1.4.0] AndroidManifest.xml:5:5-44
	android:targetSdkVersion
		ADDED from Android_Qt_6_9_0_Clang_arm64_v8a-Debug\android-build-ARClothTryOn\AndroidManifest.xml:9:9-38
		INJECTED from Android_Qt_6_9_0_Clang_arm64_v8a-Debug\android-build-ARClothTryOn\AndroidManifest.xml
	android:minSdkVersion
		ADDED from Android_Qt_6_9_0_Clang_arm64_v8a-Debug\android-build-ARClothTryOn\AndroidManifest.xml:8:9-35
		INJECTED from Android_Qt_6_9_0_Clang_arm64_v8a-Debug\android-build-ARClothTryOn\AndroidManifest.xml
uses-permission#android.permission.CAMERA
ADDED from Android_Qt_6_9_0_Clang_arm64_v8a-Debug\android-build-ARClothTryOn\AndroidManifest.xml:12:5-65
	android:name
		ADDED from Android_Qt_6_9_0_Clang_arm64_v8a-Debug\android-build-ARClothTryOn\AndroidManifest.xml:12:22-62
uses-permission#android.permission.INTERNET
ADDED from Android_Qt_6_9_0_Clang_arm64_v8a-Debug\android-build-ARClothTryOn\AndroidManifest.xml:13:5-67
	android:name
		ADDED from Android_Qt_6_9_0_Clang_arm64_v8a-Debug\android-build-ARClothTryOn\AndroidManifest.xml:13:22-64
uses-permission#android.permission.ACCESS_NETWORK_STATE
ADDED from Android_Qt_6_9_0_Clang_arm64_v8a-Debug\android-build-ARClothTryOn\AndroidManifest.xml:14:5-79
	android:name
		ADDED from Android_Qt_6_9_0_Clang_arm64_v8a-Debug\android-build-ARClothTryOn\AndroidManifest.xml:14:22-76
uses-permission#android.permission.VIBRATE
ADDED from Android_Qt_6_9_0_Clang_arm64_v8a-Debug\android-build-ARClothTryOn\AndroidManifest.xml:15:5-66
	android:name
		ADDED from Android_Qt_6_9_0_Clang_arm64_v8a-Debug\android-build-ARClothTryOn\AndroidManifest.xml:15:22-63
uses-permission#android.permission.READ_EXTERNAL_STORAGE
ADDED from Android_Qt_6_9_0_Clang_arm64_v8a-Debug\android-build-ARClothTryOn\AndroidManifest.xml:16:5-79
	android:name
		ADDED from Android_Qt_6_9_0_Clang_arm64_v8a-Debug\android-build-ARClothTryOn\AndroidManifest.xml:16:22-77
uses-feature#android.hardware.camera
ADDED from Android_Qt_6_9_0_Clang_arm64_v8a-Debug\android-build-ARClothTryOn\AndroidManifest.xml:19:5-84
	android:required
		ADDED from Android_Qt_6_9_0_Clang_arm64_v8a-Debug\android-build-ARClothTryOn\AndroidManifest.xml:19:58-81
	android:name
		ADDED from Android_Qt_6_9_0_Clang_arm64_v8a-Debug\android-build-ARClothTryOn\AndroidManifest.xml:19:19-57
uses-feature#android.hardware.camera.autofocus
ADDED from Android_Qt_6_9_0_Clang_arm64_v8a-Debug\android-build-ARClothTryOn\AndroidManifest.xml:20:5-95
	android:required
		ADDED from Android_Qt_6_9_0_Clang_arm64_v8a-Debug\android-build-ARClothTryOn\AndroidManifest.xml:20:68-92
	android:name
		ADDED from Android_Qt_6_9_0_Clang_arm64_v8a-Debug\android-build-ARClothTryOn\AndroidManifest.xml:20:19-67
uses-feature#0x00030000
ADDED from Android_Qt_6_9_0_Clang_arm64_v8a-Debug\android-build-ARClothTryOn\AndroidManifest.xml:23:5-78
	android:glEsVersion
		ADDED from Android_Qt_6_9_0_Clang_arm64_v8a-Debug\android-build-ARClothTryOn\AndroidManifest.xml:23:19-51
	android:required
		ADDED from Android_Qt_6_9_0_Clang_arm64_v8a-Debug\android-build-ARClothTryOn\AndroidManifest.xml:23:52-75
application
ADDED from Android_Qt_6_9_0_Clang_arm64_v8a-Debug\android-build-ARClothTryOn\AndroidManifest.xml:25:5-52:19
INJECTED from Android_Qt_6_9_0_Clang_arm64_v8a-Debug\android-build-ARClothTryOn\AndroidManifest.xml:25:5-52:19
MERGED from [androidx.core:core:1.13.1] AndroidManifest.xml:28:5-89
MERGED from [androidx.core:core:1.13.1] AndroidManifest.xml:28:5-89
MERGED from [androidx.versionedparcelable:versionedparcelable:1.1.1] AndroidManifest.xml:24:5-25:19
MERGED from [androidx.versionedparcelable:versionedparcelable:1.1.1] AndroidManifest.xml:24:5-25:19
MERGED from [androidx.profileinstaller:profileinstaller:1.3.0] AndroidManifest.xml:23:5-53:19
MERGED from [androidx.profileinstaller:profileinstaller:1.3.0] AndroidManifest.xml:23:5-53:19
MERGED from [androidx.startup:startup-runtime:1.1.1] AndroidManifest.xml:25:5-31:19
MERGED from [androidx.startup:startup-runtime:1.1.1] AndroidManifest.xml:25:5-31:19
	android:extractNativeLibs
		INJECTED from Android_Qt_6_9_0_Clang_arm64_v8a-Debug\android-build-ARClothTryOn\AndroidManifest.xml
	android:appComponentFactory
		ADDED from [androidx.core:core:1.13.1] AndroidManifest.xml:28:18-86
	android:label
		ADDED from Android_Qt_6_9_0_Clang_arm64_v8a-Debug\android-build-ARClothTryOn\AndroidManifest.xml:27:9-41
	android:hardwareAccelerated
		ADDED from Android_Qt_6_9_0_Clang_arm64_v8a-Debug\android-build-ARClothTryOn\AndroidManifest.xml:32:9-43
	android:icon
		ADDED from Android_Qt_6_9_0_Clang_arm64_v8a-Debug\android-build-ARClothTryOn\AndroidManifest.xml:28:9-38
	android:allowBackup
		ADDED from Android_Qt_6_9_0_Clang_arm64_v8a-Debug\android-build-ARClothTryOn\AndroidManifest.xml:30:9-35
	android:theme
		ADDED from Android_Qt_6_9_0_Clang_arm64_v8a-Debug\android-build-ARClothTryOn\AndroidManifest.xml:29:9-40
	android:usesCleartextTraffic
		ADDED from Android_Qt_6_9_0_Clang_arm64_v8a-Debug\android-build-ARClothTryOn\AndroidManifest.xml:31:9-44
	android:name
		ADDED from Android_Qt_6_9_0_Clang_arm64_v8a-Debug\android-build-ARClothTryOn\AndroidManifest.xml:26:9-71
activity#org.qtproject.qt.android.bindings.QtActivity
ADDED from Android_Qt_6_9_0_Clang_arm64_v8a-Debug\android-build-ARClothTryOn\AndroidManifest.xml:35:9-50:20
	android:screenOrientation
		ADDED from Android_Qt_6_9_0_Clang_arm64_v8a-Debug\android-build-ARClothTryOn\AndroidManifest.xml:39:13-52
	android:label
		ADDED from Android_Qt_6_9_0_Clang_arm64_v8a-Debug\android-build-ARClothTryOn\AndroidManifest.xml:37:13-45
	android:launchMode
		ADDED from Android_Qt_6_9_0_Clang_arm64_v8a-Debug\android-build-ARClothTryOn\AndroidManifest.xml:40:13-43
	android:exported
		ADDED from Android_Qt_6_9_0_Clang_arm64_v8a-Debug\android-build-ARClothTryOn\AndroidManifest.xml:41:13-36
	android:configChanges
		ADDED from Android_Qt_6_9_0_Clang_arm64_v8a-Debug\android-build-ARClothTryOn\AndroidManifest.xml:38:13-182
	android:name
		ADDED from Android_Qt_6_9_0_Clang_arm64_v8a-Debug\android-build-ARClothTryOn\AndroidManifest.xml:36:13-72
intent-filter#action:name:android.intent.action.MAIN+category:name:android.intent.category.LAUNCHER
ADDED from Android_Qt_6_9_0_Clang_arm64_v8a-Debug\android-build-ARClothTryOn\AndroidManifest.xml:43:13-46:29
action#android.intent.action.MAIN
ADDED from Android_Qt_6_9_0_Clang_arm64_v8a-Debug\android-build-ARClothTryOn\AndroidManifest.xml:44:17-69
	android:name
		ADDED from Android_Qt_6_9_0_Clang_arm64_v8a-Debug\android-build-ARClothTryOn\AndroidManifest.xml:44:25-66
category#android.intent.category.LAUNCHER
ADDED from Android_Qt_6_9_0_Clang_arm64_v8a-Debug\android-build-ARClothTryOn\AndroidManifest.xml:45:17-77
	android:name
		ADDED from Android_Qt_6_9_0_Clang_arm64_v8a-Debug\android-build-ARClothTryOn\AndroidManifest.xml:45:27-74
meta-data#android.app.lib_name
ADDED from Android_Qt_6_9_0_Clang_arm64_v8a-Debug\android-build-ARClothTryOn\AndroidManifest.xml:49:13-91
	android:value
		ADDED from Android_Qt_6_9_0_Clang_arm64_v8a-Debug\android-build-ARClothTryOn\AndroidManifest.xml:49:60-88
	android:name
		ADDED from Android_Qt_6_9_0_Clang_arm64_v8a-Debug\android-build-ARClothTryOn\AndroidManifest.xml:49:24-59
permission#${applicationId}.DYNAMIC_RECEIVER_NOT_EXPORTED_PERMISSION
ADDED from [androidx.core:core:1.13.1] AndroidManifest.xml:22:5-24:47
	android:protectionLevel
		ADDED from [androidx.core:core:1.13.1] AndroidManifest.xml:24:9-44
	android:name
		ADDED from [androidx.core:core:1.13.1] AndroidManifest.xml:23:9-81
permission#org.qtproject.example.ARClothTryOn.DYNAMIC_RECEIVER_NOT_EXPORTED_PERMISSION
ADDED from [androidx.core:core:1.13.1] AndroidManifest.xml:22:5-24:47
	android:protectionLevel
		ADDED from [androidx.core:core:1.13.1] AndroidManifest.xml:24:9-44
	android:name
		ADDED from [androidx.core:core:1.13.1] AndroidManifest.xml:23:9-81
uses-permission#${applicationId}.DYNAMIC_RECEIVER_NOT_EXPORTED_PERMISSION
ADDED from [androidx.core:core:1.13.1] AndroidManifest.xml:26:5-97
	android:name
		ADDED from [androidx.core:core:1.13.1] AndroidManifest.xml:26:22-94
uses-permission#org.qtproject.example.ARClothTryOn.DYNAMIC_RECEIVER_NOT_EXPORTED_PERMISSION
ADDED from [androidx.core:core:1.13.1] AndroidManifest.xml:26:5-97
	android:name
		ADDED from [androidx.core:core:1.13.1] AndroidManifest.xml:26:22-94
provider#androidx.startup.InitializationProvider
ADDED from [androidx.profileinstaller:profileinstaller:1.3.0] AndroidManifest.xml:24:9-32:20
MERGED from [androidx.startup:startup-runtime:1.1.1] AndroidManifest.xml:26:9-30:34
MERGED from [androidx.startup:startup-runtime:1.1.1] AndroidManifest.xml:26:9-30:34
	tools:node
		ADDED from [androidx.profileinstaller:profileinstaller:1.3.0] AndroidManifest.xml:28:13-31
	android:authorities
		ADDED from [androidx.profileinstaller:profileinstaller:1.3.0] AndroidManifest.xml:26:13-68
	android:exported
		ADDED from [androidx.profileinstaller:profileinstaller:1.3.0] AndroidManifest.xml:27:13-37
	android:name
		ADDED from [androidx.profileinstaller:profileinstaller:1.3.0] AndroidManifest.xml:25:13-67
meta-data#androidx.profileinstaller.ProfileInstallerInitializer
ADDED from [androidx.profileinstaller:profileinstaller:1.3.0] AndroidManifest.xml:29:13-31:52
	android:value
		ADDED from [androidx.profileinstaller:profileinstaller:1.3.0] AndroidManifest.xml:31:17-49
	android:name
		ADDED from [androidx.profileinstaller:profileinstaller:1.3.0] AndroidManifest.xml:30:17-85
receiver#androidx.profileinstaller.ProfileInstallReceiver
ADDED from [androidx.profileinstaller:profileinstaller:1.3.0] AndroidManifest.xml:34:9-52:20
	android:enabled
		ADDED from [androidx.profileinstaller:profileinstaller:1.3.0] AndroidManifest.xml:37:13-35
	android:exported
		ADDED from [androidx.profileinstaller:profileinstaller:1.3.0] AndroidManifest.xml:38:13-36
	android:permission
		ADDED from [androidx.profileinstaller:profileinstaller:1.3.0] AndroidManifest.xml:39:13-57
	android:directBootAware
		ADDED from [androidx.profileinstaller:profileinstaller:1.3.0] AndroidManifest.xml:36:13-44
	android:name
		ADDED from [androidx.profileinstaller:profileinstaller:1.3.0] AndroidManifest.xml:35:13-76
intent-filter#action:name:androidx.profileinstaller.action.INSTALL_PROFILE
ADDED from [androidx.profileinstaller:profileinstaller:1.3.0] AndroidManifest.xml:40:13-42:29
action#androidx.profileinstaller.action.INSTALL_PROFILE
ADDED from [androidx.profileinstaller:profileinstaller:1.3.0] AndroidManifest.xml:41:17-91
	android:name
		ADDED from [androidx.profileinstaller:profileinstaller:1.3.0] AndroidManifest.xml:41:25-88
intent-filter#action:name:androidx.profileinstaller.action.SKIP_FILE
ADDED from [androidx.profileinstaller:profileinstaller:1.3.0] AndroidManifest.xml:43:13-45:29
action#androidx.profileinstaller.action.SKIP_FILE
ADDED from [androidx.profileinstaller:profileinstaller:1.3.0] AndroidManifest.xml:44:17-85
	android:name
		ADDED from [androidx.profileinstaller:profileinstaller:1.3.0] AndroidManifest.xml:44:25-82
intent-filter#action:name:androidx.profileinstaller.action.SAVE_PROFILE
ADDED from [androidx.profileinstaller:profileinstaller:1.3.0] AndroidManifest.xml:46:13-48:29
action#androidx.profileinstaller.action.SAVE_PROFILE
ADDED from [androidx.profileinstaller:profileinstaller:1.3.0] AndroidManifest.xml:47:17-88
	android:name
		ADDED from [androidx.profileinstaller:profileinstaller:1.3.0] AndroidManifest.xml:47:25-85
intent-filter#action:name:androidx.profileinstaller.action.BENCHMARK_OPERATION
ADDED from [androidx.profileinstaller:profileinstaller:1.3.0] AndroidManifest.xml:49:13-51:29
action#androidx.profileinstaller.action.BENCHMARK_OPERATION
ADDED from [androidx.profileinstaller:profileinstaller:1.3.0] AndroidManifest.xml:50:17-95
	android:name
		ADDED from [androidx.profileinstaller:profileinstaller:1.3.0] AndroidManifest.xml:50:25-92